<?xml version="1.0" encoding="UTF-8"?>
<!-- Generated by org.testng.reporters.JUnitReportReporter -->
<testsuite skipped="0" hostname="GZQ" name="com.bbc.mvnTestng.testHelloWorld" tests="1" failures="0" timestamp="15 五月 2018 06:11:03 GMT" time="0.047" errors="0">
  <testcase name="name" time="0.047" classname="com.bbc.mvnTestng.testHelloWorld"/>
</testsuite> <!-- com.bbc.mvnTestng.testHelloWorld -->
